{
  message: 'Listening on port 5000',
  level: 'info',
  timestamp: '2020-10-22T19:24:56.789Z'
}
{
  message: 'Connected to database',
  level: 'info',
  timestamp: '2020-10-22T19:24:56.871Z'
}
{
  message: 'Listening on port 5000',
  level: 'info',
  timestamp: '2020-10-22T19:25:29.049Z'
}
{
  message: 'Connected to database',
  level: 'info',
  timestamp: '2020-10-22T19:25:29.134Z'
}
{
  message: 'Listening on port 5000',
  level: 'info',
  timestamp: '2020-10-22T19:25:47.680Z'
}
{
  message: 'Connected to database',
  level: 'info',
  timestamp: '2020-10-22T19:25:47.764Z'
}
{
  message: 'Listening on port 5000',
  level: 'info',
  timestamp: '2020-10-22T19:25:58.124Z'
}
{
  message: 'Connected to database',
  level: 'info',
  timestamp: '2020-10-22T19:25:58.205Z'
}
2020-10-22T19:29:30.356Z
2020-10-22T19:29:30.441Z
2020-10-22T19:29:47.823Z [32minfo[39m: 	Listening on port 5000
2020-10-22T19:29:47.908Z [32minfo[39m: 	Connected to database
2020-10-22T19:29:55.396Z [32minfo[39m: 	Listening on port 5000
2020-10-22T19:29:55.476Z [32minfo[39m: 	Connected to database
2020-10-22T19:30:06.794Z [32minfo[39m: 	Listening on port 5000
2020-10-22T19:30:06.880Z [32minfo[39m: 	Connected to database
2020-10-22T19:30:17.350Z [32minfo[39m: 	Listening on port 5000
2020-10-22T19:30:17.430Z [32minfo[39m: 	Connected to database
2020-10-22T19:30:36.255Z [32MINFO[39M: 	Listening on port 5000
2020-10-22T19:30:36.340Z [32MINFO[39M: 	Connected to database
2020-10-22T19:31:01.595Z [32minfo[39m: 	Listening on port 5000
2020-10-22T19:31:01.676Z [32minfo[39m: 	Connected to database
2020-10-22 21:31:38 [32minfo[39m: 	Listening on port 5000
2020-10-22 21:31:38 [32minfo[39m: 	Connected to database
2020-10-22 21:32:10 [32MINFO[39M: 	Listening on port 5000
2020-10-22 21:32:10 [32MINFO[39M: 	Connected to database
2020-10-22 21:32:20 [32minfo[39m: 	Listening on port 5000
2020-10-22 21:32:20 [32minfo[39m: 	Connected to database
2020-10-22 21:34:55 [32minfo[39m:	Listening on port 5000
2020-10-22 21:34:55 [32minfo[39m:	Connected to database
2020-10-22 21:35:06 [32minfo[39m: 	Listening on port 5000
2020-10-22 21:35:06 [32minfo[39m: 	Connected to database
2020-10-22 21:35:23 [32minfo[39m: 	::1 - - [22/Oct/2020:19:35:23 +0000] "GET /users HTTP/1.1" 401 2 "-" "PostmanRuntime/7.26.5"
2020-10-22 21:36:04 [32minfo[39m: 	Listening on port 5000
2020-10-22 21:36:04 [32minfo[39m: 	Connected to database
2020-10-22 21:36:21 [32minfo[39m: 	Listening on port 5000
2020-10-22 21:36:21 [32minfo[39m: 	Connected to database
2020-10-22 21:37:40 [32minfo[39m: 	Listening on port 5000
2020-10-22 21:37:40 [32minfo[39m: 	Connected to database
2020-10-22 21:37:52 [32minfo[39m: 	Listening on port 5000
2020-10-22 21:37:52 [32minfo[39m: 	Connected to database
2020-10-22 21:38:02 [32minfo[39m: 	Listening on port 5000
2020-10-22 21:38:02 [32minfo[39m: 	Connected to database
2020-10-22 21:38:11 [32minfo[39m: 	::1 - - [22/Oct/2020:19:38:11 +0000] "GET /streams HTTP/1.1" 500 546 "-" "PostmanRuntime/7.26.5"
2020-10-22 21:38:48 [32minfo[39m: 	Listening on port 5000
2020-10-22 21:38:48 [32minfo[39m: 	Connected to database
2020-10-22 21:39:02 [32minfo[39m: 	Listening on port 5000
2020-10-22 21:39:02 [32minfo[39m: 	Connected to database
2020-10-22 21:39:19 [32minfo[39m: 	Listening on port 5000
2020-10-22 21:39:19 [32minfo[39m: 	Connected to database
2020-10-22 21:39:37 [32minfo[39m: 	Listening on port 5000
2020-10-22 21:39:37 [32minfo[39m: 	Connected to database
2020-10-22 21:39:38 [32minfo[39m: 	::ffff:127.0.0.1 - - [22/Oct/2020:19:39:38 +0000] "GET /streams HTTP/1.1" 500 335 "-" "PostmanRuntime/7.26.5"
2020-10-22 21:40:14 [32minfo[39m: 	Listening on port 5000
2020-10-22 21:40:14 [32minfo[39m: 	Connected to database
2020-10-22 21:40:30 [32minfo[39m: 	Listening on port 5000
2020-10-22 21:40:30 [32minfo[39m: 	Connected to database
2020-10-22 21:40:32 [32minfo[39m: 	::1 - - [22/Oct/2020:19:40:32 +0000] "GET /users HTTP/1.1" 401 2 "-" "PostmanRuntime/7.26.5"
2020-10-22 21:40:45 [32minfo[39m: 	::1 - - [22/Oct/2020:19:40:45 +0000] "POST /streams HTTP/1.1" 500 333 "-" "PostmanRuntime/7.26.5"
2020-10-22 21:41:32 [32minfo[39m: 	Listening on port 5000
2020-10-22 21:41:32 [32minfo[39m: 	Connected to database
2020-10-22 21:41:44 [32minfo[39m: 	Listening on port 5000
2020-10-22 21:41:44 [32minfo[39m: 	Connected to database
2020-10-22 21:42:00 [32minfo[39m: 	Listening on port 5000
2020-10-22 21:42:00 [32minfo[39m: 	Connected to database
2020-10-22 21:42:15 [32minfo[39m: 	::1 - - [22/Oct/2020:19:42:15 +0000] "POST /streams HTTP/1.1" 401 108 "-" "PostmanRuntime/7.26.5"
2020-10-22 21:42:59 [32minfo[39m: 	Listening on port 5000
2020-10-22 21:42:59 [32minfo[39m: 	Connected to database
2020-10-22 21:43:35 [32minfo[39m: 	Listening on port 5000
2020-10-22 21:43:35 [32minfo[39m: 	Connected to database
2020-10-22 21:43:54 [32minfo[39m: 	Listening on port 5000
2020-10-22 21:43:54 [32minfo[39m: 	Connected to database
2020-10-22 21:44:50 [32minfo[39m: 	Listening on port 5000
2020-10-22 21:44:51 [32minfo[39m: 	Connected to database
2020-10-22 21:44:53 [32minfo[39m: 	::1 - - [22/Oct/2020:19:44:53 +0000] "POST /streams HTTP/1.1" 401 108 "-" "PostmanRuntime/7.26.5"
2020-10-22 21:45:05 [32minfo[39m: 	Listening on port 5000
2020-10-22 21:45:05 [32minfo[39m: 	Connected to database
2020-10-22 21:47:10 [32minfo[39m: 	Listening on port 5000
2020-10-22 21:47:10 [32minfo[39m: 	Connected to database
2020-10-22 21:47:15 [32minfo[39m: 	Listening on port 5000
2020-10-22 21:47:15 [32minfo[39m: 	Connected to database
2020-10-22 21:47:21 [32minfo[39m: 	Listening on port 5000
2020-10-22 21:47:21 [32minfo[39m: 	Connected to database
2020-10-22 21:47:28 [32minfo[39m: 	Listening on port 5000
2020-10-22 21:47:28 [32minfo[39m: 	Connected to database
2020-10-22 21:47:50 [32minfo[39m: 	::1 - - [22/Oct/2020:19:47:50 +0000] "POST /streams HTTP/1.1" 401 108 "-" "PostmanRuntime/7.26.5"
2020-10-22 21:49:43 [32minfo[39m: 	Listening on port 5000
2020-10-22 21:49:43 [32minfo[39m: 	Connected to database
2020-10-22 21:51:54 [32minfo[39m: 	Listening on port 5000
2020-10-22 21:51:54 [32minfo[39m: 	Connected to database
2020-10-22 21:52:11 [32minfo[39m: 	Listening on port 5000
2020-10-22 21:52:11 [32minfo[39m: 	Connected to database
2020-10-22 21:52:27 [32minfo[39m: 	Listening on port 5000
2020-10-22 21:52:27 [32minfo[39m: 	Connected to database
2020-10-22 21:52:32 [32minfo[39m: 	Listening on port 5000
2020-10-22 21:52:32 [32minfo[39m: 	Connected to database
2020-10-22 21:52:40 [32minfo[39m: 	Listening on port 5000
2020-10-22 21:52:40 [32minfo[39m: 	Connected to database
2020-10-22 21:52:50 [32minfo[39m: 	::1 - - [22/Oct/2020:19:52:50 +0000] "POST /streams HTTP/1.1" 401 108 "-" "PostmanRuntime/7.26.5"
2020-10-22 21:54:18 [32minfo[39m: 	Listening on port 5000
2020-10-22 21:54:18 [32minfo[39m: 	Connected to database
2020-10-22 21:55:10 [32minfo[39m: 	Listening on port 5000
2020-10-22 21:55:10 [32minfo[39m: 	Connected to database
2020-10-22 21:55:20 [32minfo[39m: 	Listening on port 5000
2020-10-22 21:55:20 [32minfo[39m: 	Connected to database
2020-10-22 21:55:30 [32minfo[39m: 	Listening on port 5000
2020-10-22 21:55:30 [32minfo[39m: 	Connected to database
2020-10-22 21:56:23 [32minfo[39m: 	Listening on port 5000
2020-10-22 21:56:23 [32minfo[39m: 	Connected to database
2020-10-22 21:57:11 [32minfo[39m: 	Listening on port 5000
2020-10-22 21:57:11 [32minfo[39m: 	Connected to database
2020-10-22 22:00:12 [32minfo[39m: 	Listening on port 5000
2020-10-22 22:00:12 [32minfo[39m: 	Connected to database
2020-10-22 22:02:10 [32minfo[39m: 	Listening on port 5000
2020-10-22 22:02:11 [32minfo[39m: 	Connected to database
2020-10-22 22:02:52 [32minfo[39m: 	Listening on port 5000
2020-10-22 22:02:52 [32minfo[39m: 	Connected to database
2020-10-22 22:03:29 [32minfo[39m: 	Listening on port 5000
2020-10-22 22:03:29 [32minfo[39m: 	Connected to database
2020-10-22 22:03:44 [32minfo[39m: 	Listening on port 5000
2020-10-22 22:03:44 [32minfo[39m: 	Connected to database
2020-10-22 22:03:50 [32minfo[39m: 	Listening on port 5000
2020-10-22 22:03:50 [32minfo[39m: 	Connected to database
2020-10-22 22:10:12 [32minfo[39m: 	Listening on port 5000
2020-10-22 22:10:12 [32minfo[39m: 	Connected to database
2020-10-22 22:13:28 [32minfo[39m: 	Listening on port 5000
2020-10-22 22:13:28 [32minfo[39m: 	Connected to database
2020-10-22 22:14:07 [32minfo[39m: 	Listening on port 5000
2020-10-22 22:14:07 [32minfo[39m: 	Connected to database
2020-10-22 22:14:12 [32minfo[39m: 	Listening on port 5000
2020-10-22 22:14:12 [32minfo[39m: 	Connected to database
2020-10-22 22:14:15 [32minfo[39m: 	New stream object:
2020-10-22 22:14:15 [32minfo[39m: 	[object Object]
2020-10-22 22:14:18 [32minfo[39m: 	Connected to database
2020-10-22 22:14:18 [31merror[39m: 	EIO: i/o error, write
2020-10-22 22:14:58 [32minfo[39m: 	Listening on port 5000
2020-10-22 22:14:58 [32minfo[39m: 	Connected to database
2020-10-22 22:15:04 [32minfo[39m: 	New stream object:
2020-10-22 22:15:04 [32minfo[39m: 	{"name":"First stream","description":" okokok dupa chuj","views":0,"isLive":false,"isPublished":true}
2020-10-22 22:15:04 [32minfo[39m: 	Connected to database
2020-10-22 22:15:04 [31merror[39m: 	EIO: i/o error, write
2020-10-22 22:15:18 [32minfo[39m: 	Listening on port 5000
2020-10-22 22:15:18 [32minfo[39m: 	Connected to database
2020-10-22 22:15:24 [32minfo[39m: 	Connected to database
2020-10-22 22:15:24 [31merror[39m: 	EIO: i/o error, write
2020-10-22 22:15:33 [32minfo[39m: 	Listening on port 5000
2020-10-22 22:15:33 [32minfo[39m: 	Connected to database
2020-10-22 22:15:39 [32minfo[39m: 	Connected to database
2020-10-22 22:15:39 [31merror[39m: 	EIO: i/o error, write
2020-10-22 22:15:39 [32minfo[39m: 	New stream object:{"name":"First stream","description":" okokok dupa chuj","views":0,"isLive":false,"isPublished":true}
2020-10-22 22:15:41 [32minfo[39m: 	New stream object:{"name":"First stream","description":" okokok dupa chuj","views":0,"isLive":false,"isPublished":true}
2020-10-22 22:15:50 [32minfo[39m: 	Listening on port 5000
2020-10-22 22:15:50 [32minfo[39m: 	Connected to database
2020-10-22 22:15:53 [32minfo[39m: 	New stream object:{"name":"First stream","description":" okokok dupa chuj","views":0,"isLive":false,"isPublished":true}
2020-10-22 22:15:57 [32minfo[39m: 	Connected to database
2020-10-22 22:15:57 [31merror[39m: 	EIO: i/o error, write
2020-10-22 22:16:03 [32minfo[39m: 	New stream object:{"name":"First stream","description":" okokok dupa chuj","views":0,"isLive":false,"isPublished":true}
2020-10-22 22:20:30 [32minfo[39m: 	Connected to database
2020-10-22 22:20:30 [31merror[39m: 	EIO: i/o error, write
2020-10-22 22:22:34 [32minfo[39m: 	Listening on port 5000
2020-10-22 22:22:35 [32minfo[39m: 	Connected to database
2020-10-22 22:22:57 [32minfo[39m: 	New stream object:{"name":"First stream","description":" okokok dupa chuj","views":0,"isLive":false,"isPublished":true}
2020-10-22 22:25:40 [32minfo[39m: 	Connected to database
2020-10-22 22:25:40 [31merror[39m: 	EIO: i/o error, write
2020-10-22 22:25:56 [32minfo[39m: 	Listening on port 5000
2020-10-22 22:25:56 [32minfo[39m: 	Connected to database
2020-10-22 22:25:56 [32minfo[39m: 	New stream object:{"name":"First stream","description":" okokok dupa chuj","views":0,"isLive":false,"isPublished":true}
2020-10-22 22:28:01 [32minfo[39m: 	Listening on port 5000
2020-10-22 22:28:01 [32minfo[39m: 	Connected to database
2020-10-22 22:28:05 [32minfo[39m: 	Listening on port 5000
2020-10-22 22:28:05 [32minfo[39m: 	Connected to database
2020-10-22 22:28:15 [32minfo[39m: 	Listening on port 5000
2020-10-22 22:28:15 [32minfo[39m: 	Connected to database
2020-10-22 22:28:18 [32minfo[39m: 	New stream object:{"name":"First stream","description":" okokok dupa chuj","views":0,"isLive":false,"isPublished":true}
2020-10-22 22:28:21 [32minfo[39m: 	Connected to database
2020-10-22 22:28:21 [31merror[39m: 	EIO: i/o error, write
2020-10-22 22:28:31 [32minfo[39m: 	Listening on port 5000
2020-10-22 22:28:31 [32minfo[39m: 	Connected to database
2020-10-22 22:28:37 [32minfo[39m: 	Connected to database
2020-10-22 22:28:37 [31merror[39m: 	EIO: i/o error, write
2020-10-22 22:28:45 [32minfo[39m: 	Listening on port 5000
2020-10-22 22:28:45 [32minfo[39m: 	Connected to database
2020-10-22 22:28:51 [32minfo[39m: 	Connected to database
2020-10-22 22:28:51 [31merror[39m: 	EIO: i/o error, write
2020-10-22 22:28:58 [32minfo[39m: 	Listening on port 5000
2020-10-22 22:28:58 [32minfo[39m: 	Connected to database
2020-10-22 22:29:04 [32minfo[39m: 	Connected to database
2020-10-22 22:29:04 [31merror[39m: 	EIO: i/o error, write
2020-10-22 22:29:51 [32minfo[39m: 	Listening on port 5000
2020-10-22 22:29:51 [32minfo[39m: 	Connected to database
2020-10-22 22:29:58 [32minfo[39m: 	Listening on port 5000
2020-10-22 22:29:58 [32minfo[39m: 	Connected to database
2020-10-22 22:30:04 [32minfo[39m: 	Connected to database
2020-10-22 22:30:04 [31merror[39m: 	EIO: i/o error, write
2020-10-22 22:30:11 [32minfo[39m: 	Listening on port 5000
2020-10-22 22:30:11 [32minfo[39m: 	Connected to database
2020-10-22 22:30:13 [32minfo[39m: 	New stream object:{"name":"First stream","description":" okokok dupa chuj","views":0,"isLive":false,"isPublished":true}
2020-10-22 22:30:17 [32minfo[39m: 	Connected to database
2020-10-22 22:30:17 [31merror[39m: 	EIO: i/o error, write
2020-10-22 22:30:28 [32minfo[39m: 	Listening on port 5000
2020-10-22 22:30:28 [32minfo[39m: 	Connected to database
2020-10-22 22:30:31 [32minfo[39m: 	New stream object:{"name":"First stream","description":" okokok dupa chuj","views":0,"isLive":false,"isPublished":true}
2020-10-22 22:30:34 [32minfo[39m: 	Connected to database
2020-10-22 22:30:34 [31merror[39m: 	EIO: i/o error, write
2020-10-22 22:30:49 [32minfo[39m: 	Listening on port 5000
2020-10-22 22:30:49 [32minfo[39m: 	Connected to database
2020-10-22 22:30:50 [32minfo[39m: 	New stream object:{"name":"First stream","description":" okokok dupa chuj","views":0,"isLive":false,"isPublished":true}
2020-10-22 22:30:54 [32minfo[39m: 	New stream object:{"name":"First stream","description":" okokok dupa chuj","views":0,"isLive":false,"isPublished":true}
2020-10-22 22:30:55 [32minfo[39m: 	Connected to database
2020-10-22 22:30:55 [31merror[39m: 	EIO: i/o error, write
2020-10-22 22:31:06 [32minfo[39m: 	Listening on port 5000
2020-10-22 22:31:06 [32minfo[39m: 	Connected to database
2020-10-22 22:31:07 [32minfo[39m: 	New stream object:{"name":"First stream","description":" okokok dupa chuj","views":0,"isLive":false,"isPublished":true}
2020-10-22 22:31:12 [32minfo[39m: 	Connected to database
2020-10-22 22:31:12 [31merror[39m: 	EIO: i/o error, write
2020-10-22 22:32:01 [32minfo[39m: 	Listening on port 5000
2020-10-22 22:32:01 [32minfo[39m: 	Connected to database
2020-10-22 22:32:03 [32minfo[39m: 	New stream object:{"name":"First stream","description":" okokok dupa chuj","views":0,"isLive":false,"isPublished":true}
2020-10-22 22:32:06 [32minfo[39m: 	Connected to database
2020-10-22 22:32:06 [31merror[39m: 	EIO: i/o error, write
2020-10-22 22:32:15 [32minfo[39m: 	Listening on port 5000
2020-10-22 22:32:15 [32minfo[39m: 	Connected to database
2020-10-22 22:32:21 [32minfo[39m: 	Connected to database
2020-10-22 22:32:21 [31merror[39m: 	EIO: i/o error, write
2020-10-22 22:36:27 [32minfo[39m: 	Listening on port 5000
2020-10-22 22:36:27 [32minfo[39m: 	Connected to database
2020-10-22 22:36:30 [32minfo[39m: 	New stream object:{"name":"First stream","description":" okokok dupa chuj","views":0,"isLive":false,"isPublished":true}
2020-10-22 22:36:33 [32minfo[39m: 	Connected to database
2020-10-22 22:36:33 [31merror[39m: 	EIO: i/o error, write
2020-10-22 22:37:10 [32minfo[39m: 	Listening on port 5000
2020-10-22 22:37:11 [32minfo[39m: 	Connected to database
2020-10-22 22:37:16 [32minfo[39m: 	Connected to database
2020-10-22 22:37:16 [31merror[39m: 	EIO: i/o error, write
2020-10-22 22:38:16 [32minfo[39m: 	Listening on port 5000
2020-10-22 22:38:16 [32minfo[39m: 	Connected to database
2020-10-22 22:38:20 [32minfo[39m: 	New stream object:{"name":"First stream","description":" okokok dupa chuj","views":0,"isLive":false,"isPublished":true}
2020-10-22 22:38:22 [32minfo[39m: 	Connected to database
2020-10-22 22:38:22 [31merror[39m: 	EIO: i/o error, write
2020-10-22 22:50:00 [32minfo[39m: 	Listening on port 5000
2020-10-22 22:50:00 [32minfo[39m: 	Connected to database
2020-10-22 22:50:06 [32minfo[39m: 	Connected to database
2020-10-22 22:50:06 [31merror[39m: 	EIO: i/o error, write
